<?xml version="1.0" encoding="utf-8"?>
<test-run id="2" testcasecount="14" result="Passed" total="14" passed="14" failed="0" inconclusive="0" skipped="0" asserts="0" engine-version="3.5.0.0" clr-version="4.0.30319.42000" start-time="2026-05-26 15:20:48Z" end-time="2026-05-26 15:20:48Z" duration="0,3095341">
  <test-suite type="TestSuite" id="1000" name="TopDungeon" fullname="TopDungeon" runstate="Runnable" testcasecount="14" result="Passed" start-time="2026-05-26 15:20:48Z" end-time="2026-05-26 15:20:48Z" duration="0.309534" total="14" passed="14" failed="0" inconclusive="0" skipped="0" asserts="0">
    <properties>
      <property name="platform" value="EditMode" />
    </properties>
    <test-suite type="Assembly" id="1019" name="Assembly-CSharp-Editor.dll" fullname="C:/Users/Leo_s/Documents/Jogo/Library/ScriptAssemblies/Assembly-CSharp-Editor.dll" runstate="Runnable" testcasecount="14" result="Passed" start-time="2026-05-26 15:20:48Z" end-time="2026-05-26 15:20:48Z" duration="0.301837" total="14" passed="14" failed="0" inconclusive="0" skipped="0" asserts="0">
      <properties>
        <property name="_PID" value="15216" />
        <property name="_APPDOMAIN" value="Unity Child Domain" />
        <property name="platform" value="EditMode" />
      </properties>
      <test-suite type="TestFixture" id="1001" name="MobileLayoutRegressionTests" fullname="MobileLayoutRegressionTests" classname="MobileLayoutRegressionTests" runstate="Runnable" testcasecount="4" result="Passed" start-time="2026-05-26 15:20:48Z" end-time="2026-05-26 15:20:48Z" duration="0.164474" total="4" passed="4" failed="0" inconclusive="0" skipped="0" asserts="0">
        <properties>
          <property name="platform" value="EditMode" />
        </properties>
        <test-case id="1005" name="Dungeon0SceneKeepsMobileCanvasResponsive" fullname="MobileLayoutRegressionTests.Dungeon0SceneKeepsMobileCanvasResponsive" methodname="Dungeon0SceneKeepsMobileCanvasResponsive" classname="MobileLayoutRegressionTests" runstate="Runnable" seed="35454639" result="Passed" start-time="2026-05-26 15:20:48Z" end-time="2026-05-26 15:20:48Z" duration="0.146546" asserts="0">
          <properties>
            <property name="platform" value="EditMode" />
            <property name="retryIteration" value="0" />
            <property name="repeatIteration" value="0" />
          </properties>
        </test-case>
        <test-case id="1004" name="MobileInputManagerRecoversAfterDuplicateSceneInputIsDestroyed" fullname="MobileLayoutRegressionTests.MobileInputManagerRecoversAfterDuplicateSceneInputIsDestroyed" methodname="MobileInputManagerRecoversAfterDuplicateSceneInputIsDestroyed" classname="MobileLayoutRegressionTests" runstate="Runnable" seed="436446855" result="Passed" start-time="2026-05-26 15:20:48Z" end-time="2026-05-26 15:20:48Z" duration="0.000932" asserts="0">
          <properties>
            <property name="platform" value="EditMode" />
            <property name="retryIteration" value="0" />
            <property name="repeatIteration" value="0" />
          </properties>
        </test-case>
        <test-case id="1002" name="SafeAreaFitterConvertsSafeAreaToAnchors" fullname="MobileLayoutRegressionTests.SafeAreaFitterConvertsSafeAreaToAnchors" methodname="SafeAreaFitterConvertsSafeAreaToAnchors" classname="MobileLayoutRegressionTests" runstate="Runnable" seed="2123009897" result="Passed" start-time="2026-05-26 15:20:48Z" end-time="2026-05-26 15:20:48Z" duration="0.000633" asserts="0">
          <properties>
            <property name="platform" value="EditMode" />
            <property name="retryIteration" value="0" />
            <property name="repeatIteration" value="0" />
          </properties>
        </test-case>
        <test-case id="1003" name="UIManagerConfiguresRuntimeMobileLayout" fullname="MobileLayoutRegressionTests.UIManagerConfiguresRuntimeMobileLayout" methodname="UIManagerConfiguresRuntimeMobileLayout" classname="MobileLayoutRegressionTests" runstate="Runnable" seed="1179016066" result="Passed" start-time="2026-05-26 15:20:48Z" end-time="2026-05-26 15:20:48Z" duration="0.002857" asserts="0">
          <properties>
            <property name="platform" value="EditMode" />
            <property name="retryIteration" value="0" />
            <property name="repeatIteration" value="0" />
          </properties>
        </test-case>
      </test-suite>
      <test-suite type="TestFixture" id="1006" name="PlayerLifecycleRegressionTests" fullname="PlayerLifecycleRegressionTests" classname="PlayerLifecycleRegressionTests" runstate="Runnable" testcasecount="2" result="Passed" start-time="2026-05-26 15:20:48Z" end-time="2026-05-26 15:20:48Z" duration="0.092911" total="2" passed="2" failed="0" inconclusive="0" skipped="0" asserts="0">
        <properties>
          <property name="platform" value="EditMode" />
        </properties>
        <test-case id="1008" name="ResetForGameplayCanPreserveCurrentHealthOnSceneTransition" fullname="PlayerLifecycleRegressionTests.ResetForGameplayCanPreserveCurrentHealthOnSceneTransition" methodname="ResetForGameplayCanPreserveCurrentHealthOnSceneTransition" classname="PlayerLifecycleRegressionTests" runstate="Runnable" seed="358907884" result="Passed" start-time="2026-05-26 15:20:48Z" end-time="2026-05-26 15:20:48Z" duration="0.003034" asserts="0">
          <properties>
            <property name="platform" value="EditMode" />
            <property name="retryIteration" value="0" />
            <property name="repeatIteration" value="0" />
          </properties>
        </test-case>
        <test-case id="1007" name="ResetForGameplayRestoresMovementStateAfterDeath" fullname="PlayerLifecycleRegressionTests.ResetForGameplayRestoresMovementStateAfterDeath" methodname="ResetForGameplayRestoresMovementStateAfterDeath" classname="PlayerLifecycleRegressionTests" runstate="Runnable" seed="1283591195" result="Passed" start-time="2026-05-26 15:20:48Z" end-time="2026-05-26 15:20:48Z" duration="0.000651" asserts="0">
          <properties>
            <property name="platform" value="EditMode" />
            <property name="retryIteration" value="0" />
            <property name="repeatIteration" value="0" />
          </properties>
        </test-case>
      </test-suite>
      <test-suite type="TestFixture" id="1009" name="PortalRegressionTests" fullname="PortalRegressionTests" classname="PortalRegressionTests" runstate="Runnable" testcasecount="6" result="Passed" start-time="2026-05-26 15:20:48Z" end-time="2026-05-26 15:20:48Z" duration="0.010684" total="6" passed="6" failed="0" inconclusive="0" skipped="0" asserts="0">
        <properties>
          <property name="platform" value="EditMode" />
        </properties>
        <test-case id="1010" name="PlayerDetectorFindsPlayerByComponentNotObjectName" fullname="PortalRegressionTests.PlayerDetectorFindsPlayerByComponentNotObjectName" methodname="PlayerDetectorFindsPlayerByComponentNotObjectName" classname="PortalRegressionTests" runstate="Runnable" seed="639801543" result="Passed" start-time="2026-05-26 15:20:48Z" end-time="2026-05-26 15:20:48Z" duration="0.001878" asserts="0">
          <properties>
            <property name="platform" value="EditMode" />
            <property name="retryIteration" value="0" />
            <property name="repeatIteration" value="0" />
          </properties>
        </test-case>
        <test-case id="1013" name="PortalDoorCooldownBlocksImmediateRetrigger" fullname="PortalRegressionTests.PortalDoorCooldownBlocksImmediateRetrigger" methodname="PortalDoorCooldownBlocksImmediateRetrigger" classname="PortalRegressionTests" runstate="Runnable" seed="1584873162" result="Passed" start-time="2026-05-26 15:20:48Z" end-time="2026-05-26 15:20:48Z" duration="0.003546" asserts="0">
          <properties>
            <property name="platform" value="EditMode" />
            <property name="retryIteration" value="0" />
            <property name="repeatIteration" value="0" />
          </properties>
          <output><![CDATA[[Portal_Door] PortalDoor: teleporting player from (0.00, 0.00, 0.00) to (1.00, 1.50, 0.00) via 'Exit'.
]]></output>
        </test-case>
        <test-case id="1012" name="PortalDoorIgnoresObjectsWithoutPlayerComponent" fullname="PortalRegressionTests.PortalDoorIgnoresObjectsWithoutPlayerComponent" methodname="PortalDoorIgnoresObjectsWithoutPlayerComponent" classname="PortalRegressionTests" runstate="Runnable" seed="222598314" result="Passed" start-time="2026-05-26 15:20:48Z" end-time="2026-05-26 15:20:48Z" duration="0.000305" asserts="0">
          <properties>
            <property name="platform" value="EditMode" />
            <property name="retryIteration" value="0" />
            <property name="repeatIteration" value="0" />
          </properties>
        </test-case>
        <test-case id="1014" name="PortalDoorRuntimeColliderIsTriggerAndHasMinimumTouchArea" fullname="PortalRegressionTests.PortalDoorRuntimeColliderIsTriggerAndHasMinimumTouchArea" methodname="PortalDoorRuntimeColliderIsTriggerAndHasMinimumTouchArea" classname="PortalRegressionTests" runstate="Runnable" seed="1653958673" result="Passed" start-time="2026-05-26 15:20:48Z" end-time="2026-05-26 15:20:48Z" duration="0.001475" asserts="0">
          <properties>
            <property name="platform" value="EditMode" />
            <property name="retryIteration" value="0" />
            <property name="repeatIteration" value="0" />
          </properties>
        </test-case>
        <test-case id="1011" name="PortalDoorTeleportsAlongExitUpVectorAndClampsZToZero" fullname="PortalRegressionTests.PortalDoorTeleportsAlongExitUpVectorAndClampsZToZero" methodname="PortalDoorTeleportsAlongExitUpVectorAndClampsZToZero" classname="PortalRegressionTests" runstate="Runnable" seed="75193961" result="Passed" start-time="2026-05-26 15:20:48Z" end-time="2026-05-26 15:20:48Z" duration="0.001368" asserts="0">
          <properties>
            <property name="platform" value="EditMode" />
            <property name="retryIteration" value="0" />
            <property name="repeatIteration" value="0" />
          </properties>
          <output><![CDATA[[Portal_Door] PortalDoor: teleporting player from (0.00, 0.00, 0.00) to (2.50, 3.00, 0.00) via 'Exit'.
]]></output>
        </test-case>
        <test-case id="1015" name="ScenePortalRuntimeColliderIsTriggerAndHasMinimumTouchArea" fullname="PortalRegressionTests.ScenePortalRuntimeColliderIsTriggerAndHasMinimumTouchArea" methodname="ScenePortalRuntimeColliderIsTriggerAndHasMinimumTouchArea" classname="PortalRegressionTests" runstate="Runnable" seed="101093488" result="Passed" start-time="2026-05-26 15:20:48Z" end-time="2026-05-26 15:20:48Z" duration="0.000574" asserts="0">
          <properties>
            <property name="platform" value="EditMode" />
            <property name="retryIteration" value="0" />
            <property name="repeatIteration" value="0" />
          </properties>
        </test-case>
      </test-suite>
      <test-suite type="TestFixture" id="1016" name="SaveManagerRegressionTests" fullname="SaveManagerRegressionTests" classname="SaveManagerRegressionTests" runstate="Runnable" testcasecount="2" result="Passed" start-time="2026-05-26 15:20:48Z" end-time="2026-05-26 15:20:48Z" duration="0.031685" total="2" passed="2" failed="0" inconclusive="0" skipped="0" asserts="0">
        <properties>
          <property name="platform" value="EditMode" />
        </properties>
        <test-case id="1017" name="SaveFilePathUsesPersistentDataPathInsteadOfApplicationDataPath" fullname="SaveManagerRegressionTests.SaveFilePathUsesPersistentDataPathInsteadOfApplicationDataPath" methodname="SaveFilePathUsesPersistentDataPathInsteadOfApplicationDataPath" classname="SaveManagerRegressionTests" runstate="Runnable" seed="758996825" result="Passed" start-time="2026-05-26 15:20:48Z" end-time="2026-05-26 15:20:48Z" duration="0.000869" asserts="0">
          <properties>
            <property name="platform" value="EditMode" />
            <property name="retryIteration" value="0" />
            <property name="repeatIteration" value="0" />
          </properties>
        </test-case>
        <test-case id="1018" name="SaveGameWritesJsonToWritableSaveDirectory" fullname="SaveManagerRegressionTests.SaveGameWritesJsonToWritableSaveDirectory" methodname="SaveGameWritesJsonToWritableSaveDirectory" classname="SaveManagerRegressionTests" runstate="Runnable" seed="1340956335" result="Passed" start-time="2026-05-26 15:20:48Z" end-time="2026-05-26 15:20:48Z" duration="0.029989" asserts="0">
          <properties>
            <property name="platform" value="EditMode" />
            <property name="retryIteration" value="0" />
            <property name="repeatIteration" value="0" />
          </properties>
          <output><![CDATA[Saves: C:\Users\Leo_s\Documents\Jogo\Temp\SaveManagerRegression\bd8cb34d2d234d62b60d1edfbff829e2\SaveData.json
Saving results to: C:\Users\Leo_s\Documents\Jogo\TestResults\EditModeResults.xml
]]></output>
        </test-case>
      </test-suite>
    </test-suite>
  </test-suite>
</test-run>