<?xml version="1.0" encoding="utf-8"?>
<test-run id="2" testcasecount="11" result="Passed" total="11" passed="11" failed="0" inconclusive="0" skipped="0" asserts="0" engine-version="3.5.0.0" clr-version="4.0.30319.42000" start-time="2026-05-26 14:40:35Z" end-time="2026-05-26 14:40:35Z" duration="0,2152698">
  <test-suite type="TestSuite" id="1000" name="TopDungeon" fullname="TopDungeon" runstate="Runnable" testcasecount="11" result="Passed" start-time="2026-05-26 14:40:35Z" end-time="2026-05-26 14:40:35Z" duration="0.215270" total="11" passed="11" failed="0" inconclusive="0" skipped="0" asserts="0">
    <properties>
      <property name="platform" value="EditMode" />
    </properties>
    <test-suite type="Assembly" id="1015" name="Assembly-CSharp-Editor.dll" fullname="C:/Users/Leo_s/Documents/Jogo/Library/ScriptAssemblies/Assembly-CSharp-Editor.dll" runstate="Runnable" testcasecount="11" result="Passed" start-time="2026-05-26 14:40:35Z" end-time="2026-05-26 14:40:35Z" duration="0.211585" total="11" passed="11" failed="0" inconclusive="0" skipped="0" asserts="0">
      <properties>
        <property name="_PID" value="15580" />
        <property name="_APPDOMAIN" value="Unity Child Domain" />
        <property name="platform" value="EditMode" />
      </properties>
      <test-suite type="TestFixture" id="1001" name="MobileLayoutRegressionTests" fullname="MobileLayoutRegressionTests" classname="MobileLayoutRegressionTests" runstate="Runnable" testcasecount="3" result="Passed" start-time="2026-05-26 14:40:35Z" end-time="2026-05-26 14:40:35Z" duration="0.114179" total="3" passed="3" failed="0" inconclusive="0" skipped="0" asserts="0">
        <properties>
          <property name="platform" value="EditMode" />
        </properties>
        <test-case id="1004" name="Dungeon0SceneKeepsMobileCanvasResponsive" fullname="MobileLayoutRegressionTests.Dungeon0SceneKeepsMobileCanvasResponsive" methodname="Dungeon0SceneKeepsMobileCanvasResponsive" classname="MobileLayoutRegressionTests" runstate="Runnable" seed="389441828" result="Passed" start-time="2026-05-26 14:40:35Z" end-time="2026-05-26 14:40:35Z" duration="0.102358" asserts="0">
          <properties>
            <property name="platform" value="EditMode" />
            <property name="retryIteration" value="0" />
            <property name="repeatIteration" value="0" />
          </properties>
        </test-case>
        <test-case id="1002" name="SafeAreaFitterConvertsSafeAreaToAnchors" fullname="MobileLayoutRegressionTests.SafeAreaFitterConvertsSafeAreaToAnchors" methodname="SafeAreaFitterConvertsSafeAreaToAnchors" classname="MobileLayoutRegressionTests" runstate="Runnable" seed="1181047453" result="Passed" start-time="2026-05-26 14:40:35Z" end-time="2026-05-26 14:40:35Z" duration="0.000749" asserts="0">
          <properties>
            <property name="platform" value="EditMode" />
            <property name="retryIteration" value="0" />
            <property name="repeatIteration" value="0" />
          </properties>
        </test-case>
        <test-case id="1003" name="UIManagerConfiguresRuntimeMobileLayout" fullname="MobileLayoutRegressionTests.UIManagerConfiguresRuntimeMobileLayout" methodname="UIManagerConfiguresRuntimeMobileLayout" classname="MobileLayoutRegressionTests" runstate="Runnable" seed="91290400" result="Passed" start-time="2026-05-26 14:40:35Z" end-time="2026-05-26 14:40:35Z" duration="0.002120" asserts="0">
          <properties>
            <property name="platform" value="EditMode" />
            <property name="retryIteration" value="0" />
            <property name="repeatIteration" value="0" />
          </properties>
        </test-case>
      </test-suite>
      <test-suite type="TestFixture" id="1005" name="PortalRegressionTests" fullname="PortalRegressionTests" classname="PortalRegressionTests" runstate="Runnable" testcasecount="6" result="Passed" start-time="2026-05-26 14:40:35Z" end-time="2026-05-26 14:40:35Z" duration="0.075098" total="6" passed="6" failed="0" inconclusive="0" skipped="0" asserts="0">
        <properties>
          <property name="platform" value="EditMode" />
        </properties>
        <test-case id="1006" name="PlayerDetectorFindsPlayerByComponentNotObjectName" fullname="PortalRegressionTests.PlayerDetectorFindsPlayerByComponentNotObjectName" methodname="PlayerDetectorFindsPlayerByComponentNotObjectName" classname="PortalRegressionTests" runstate="Runnable" seed="2101146294" result="Passed" start-time="2026-05-26 14:40:35Z" end-time="2026-05-26 14:40:35Z" duration="0.001956" asserts="0">
          <properties>
            <property name="platform" value="EditMode" />
            <property name="retryIteration" value="0" />
            <property name="repeatIteration" value="0" />
          </properties>
        </test-case>
        <test-case id="1009" name="PortalDoorCooldownBlocksImmediateRetrigger" fullname="PortalRegressionTests.PortalDoorCooldownBlocksImmediateRetrigger" methodname="PortalDoorCooldownBlocksImmediateRetrigger" classname="PortalRegressionTests" runstate="Runnable" seed="439270820" result="Passed" start-time="2026-05-26 14:40:35Z" end-time="2026-05-26 14:40:35Z" duration="0.003159" asserts="0">
          <properties>
            <property name="platform" value="EditMode" />
            <property name="retryIteration" value="0" />
            <property name="repeatIteration" value="0" />
          </properties>
          <output><![CDATA[[Portal_Door] PortalDoor: teleporting player from (0.00, 0.00, 0.00) to (1.00, 1.50, 0.00) via 'Exit'.
]]></output>
        </test-case>
        <test-case id="1008" name="PortalDoorIgnoresObjectsWithoutPlayerComponent" fullname="PortalRegressionTests.PortalDoorIgnoresObjectsWithoutPlayerComponent" methodname="PortalDoorIgnoresObjectsWithoutPlayerComponent" classname="PortalRegressionTests" runstate="Runnable" seed="873317937" result="Passed" start-time="2026-05-26 14:40:35Z" end-time="2026-05-26 14:40:35Z" duration="0.000280" asserts="0">
          <properties>
            <property name="platform" value="EditMode" />
            <property name="retryIteration" value="0" />
            <property name="repeatIteration" value="0" />
          </properties>
        </test-case>
        <test-case id="1010" name="PortalDoorRuntimeColliderIsTriggerAndHasMinimumTouchArea" fullname="PortalRegressionTests.PortalDoorRuntimeColliderIsTriggerAndHasMinimumTouchArea" methodname="PortalDoorRuntimeColliderIsTriggerAndHasMinimumTouchArea" classname="PortalRegressionTests" runstate="Runnable" seed="470792911" result="Passed" start-time="2026-05-26 14:40:35Z" end-time="2026-05-26 14:40:35Z" duration="0.001031" asserts="0">
          <properties>
            <property name="platform" value="EditMode" />
            <property name="retryIteration" value="0" />
            <property name="repeatIteration" value="0" />
          </properties>
        </test-case>
        <test-case id="1007" name="PortalDoorTeleportsAlongExitUpVectorAndClampsZToZero" fullname="PortalRegressionTests.PortalDoorTeleportsAlongExitUpVectorAndClampsZToZero" methodname="PortalDoorTeleportsAlongExitUpVectorAndClampsZToZero" classname="PortalRegressionTests" runstate="Runnable" seed="1097530740" result="Passed" start-time="2026-05-26 14:40:35Z" end-time="2026-05-26 14:40:35Z" duration="0.001101" asserts="0">
          <properties>
            <property name="platform" value="EditMode" />
            <property name="retryIteration" value="0" />
            <property name="repeatIteration" value="0" />
          </properties>
          <output><![CDATA[[Portal_Door] PortalDoor: teleporting player from (0.00, 0.00, 0.00) to (2.50, 3.00, 0.00) via 'Exit'.
]]></output>
        </test-case>
        <test-case id="1011" name="ScenePortalRuntimeColliderIsTriggerAndHasMinimumTouchArea" fullname="PortalRegressionTests.ScenePortalRuntimeColliderIsTriggerAndHasMinimumTouchArea" methodname="ScenePortalRuntimeColliderIsTriggerAndHasMinimumTouchArea" classname="PortalRegressionTests" runstate="Runnable" seed="238411255" result="Passed" start-time="2026-05-26 14:40:35Z" end-time="2026-05-26 14:40:35Z" duration="0.000620" asserts="0">
          <properties>
            <property name="platform" value="EditMode" />
            <property name="retryIteration" value="0" />
            <property name="repeatIteration" value="0" />
          </properties>
        </test-case>
      </test-suite>
      <test-suite type="TestFixture" id="1012" name="SaveManagerRegressionTests" fullname="SaveManagerRegressionTests" classname="SaveManagerRegressionTests" runstate="Runnable" testcasecount="2" result="Passed" start-time="2026-05-26 14:40:35Z" end-time="2026-05-26 14:40:35Z" duration="0.021361" total="2" passed="2" failed="0" inconclusive="0" skipped="0" asserts="0">
        <properties>
          <property name="platform" value="EditMode" />
        </properties>
        <test-case id="1013" name="SaveFilePathUsesPersistentDataPathInsteadOfApplicationDataPath" fullname="SaveManagerRegressionTests.SaveFilePathUsesPersistentDataPathInsteadOfApplicationDataPath" methodname="SaveFilePathUsesPersistentDataPathInsteadOfApplicationDataPath" classname="SaveManagerRegressionTests" runstate="Runnable" seed="243326956" result="Passed" start-time="2026-05-26 14:40:35Z" end-time="2026-05-26 14:40:35Z" duration="0.000898" asserts="0">
          <properties>
            <property name="platform" value="EditMode" />
            <property name="retryIteration" value="0" />
            <property name="repeatIteration" value="0" />
          </properties>
        </test-case>
        <test-case id="1014" name="SaveGameWritesJsonToWritableSaveDirectory" fullname="SaveManagerRegressionTests.SaveGameWritesJsonToWritableSaveDirectory" methodname="SaveGameWritesJsonToWritableSaveDirectory" classname="SaveManagerRegressionTests" runstate="Runnable" seed="738452564" result="Passed" start-time="2026-05-26 14:40:35Z" end-time="2026-05-26 14:40:35Z" duration="0.019605" asserts="0">
          <properties>
            <property name="platform" value="EditMode" />
            <property name="retryIteration" value="0" />
            <property name="repeatIteration" value="0" />
          </properties>
          <output><![CDATA[Saves: C:\Users\Leo_s\Documents\Jogo\Temp\SaveManagerRegression\a82e1e5c996e4f37a81a3b05b353361c\SaveData.json
Saving results to: C:\Users\Leo_s\Documents\Jogo\TestResults\EditModeResults.xml
]]></output>
        </test-case>
      </test-suite>
    </test-suite>
  </test-suite>
</test-run>